2022-09-18 20:40:09 info: =================================
2022-09-18 20:40:09 info: ======= ENV: production =======
2022-09-18 20:40:09 info: 🚀 App listening on the port 3000
2022-09-18 20:40:09 info: =================================
2022-09-18 20:40:12 info: MongoDB Connected.
2022-09-18 21:07:49 info: =================================
2022-09-18 21:07:49 info: ======= ENV: production =======
2022-09-18 21:07:49 info: 🚀 App listening on the port 3000
2022-09-18 21:07:49 info: =================================
2022-09-18 21:08:09 info: =================================
2022-09-18 21:08:09 info: ======= ENV: production =======
2022-09-18 21:08:09 info: 🚀 App listening on the port 3000
2022-09-18 21:08:09 info: =================================
2022-09-18 21:08:12 info: MongoDB connected
2022-09-18 21:08:17 info: =================================
2022-09-18 21:08:17 info: ======= ENV: production =======
2022-09-18 21:08:17 info: 🚀 App listening on the port 3000
2022-09-18 21:08:17 info: =================================
2022-09-18 21:08:20 info: MongoDB connected
2022-09-18 23:49:46 info: =================================
2022-09-18 23:49:46 info: ======= ENV: production =======
2022-09-18 23:49:46 info: 🚀 App listening on the port 3000
2022-09-18 23:49:46 info: =================================
2022-09-18 23:50:31 info: mongoDB is err,  Could not connect to any servers in your MongoDB Atlas cluster. One common reason is that you're trying to access the database from an IP that isn't whitelisted. Make sure your current IP address is on your Atlas cluster's IP whitelist: https://docs.atlas.mongodb.com/security-whitelist/
